<?xml version="1.0" encoding="UTF-8"?>
<testng-results skipped="0" failed="0" ignored="0" total="1" passed="1">
  <reporter-output>
  </reporter-output>
  <suite name="Default suite" duration-ms="15839" started-at="2018-02-08T02:11:29Z" finished-at="2018-02-08T02:11:45Z">
    <groups>
    </groups>
    <test name="Default test" duration-ms="15839" started-at="2018-02-08T02:11:29Z" finished-at="2018-02-08T02:11:45Z">
      <class name="testCases.Testcase1">
        <test-method status="PASS" signature="launchApp()[pri:0, instance:testCases.Testcase1@14acaea5]" name="launchApp" duration-ms="15780" started-at="2018-02-08T07:41:29Z" finished-at="2018-02-08T07:41:45Z">
          <reporter-output>
          </reporter-output>
        </test-method> <!-- launchApp -->
      </class> <!-- testCases.Testcase1 -->
    </test> <!-- Default test -->
  </suite> <!-- Default suite -->
</testng-results>
